# JRE version: OpenJDK Runtime Environment Temurin-17.0.13+11 (17.0.13+11) (build 17.0.13+11)
# Java VM: OpenJDK 64-Bit Server VM Temurin-17.0.13+11 (17.0.13+11, mixed mode, tiered, compressed oops, compressed class ptrs, parallel gc, windows-amd64)
GC Precious Log:
 CPUs: 8 total, 8 available
 Memory: 12174M
 Large Page Support: Disabled
 NUMA Support: Disabled
 Compressed Oops: Enabled (32-bit)
 Alignments: Space 512K, Generation 512K, Heap 2M
 Heap Min Capacity: 100M
 Heap Initial Capacity: 100M
 Heap Max Capacity: 1G
 Pre-touch: Disabled
 Parallel Workers: 8
Heap:
 PSYoungGen      total 25088K, used 7213K [0x00000000eab00000, 0x00000000ec600000, 0x0000000100000000)
  eden space 22016K, 27% used [0x00000000eab00000,0x00000000eb0eb530,0x00000000ec080000)
  from space 3072K, 37% used [0x00000000ec080000,0x00000000ec1a0000,0x00000000ec380000)
  to   space 2048K, 0% used [0x00000000ec400000,0x00000000ec400000,0x00000000ec600000)
 ParOldGen       total 68608K, used 17682K [0x00000000c0000000, 0x00000000c4300000, 0x00000000eab00000)
  object space 68608K, 25% used [0x00000000c0000000,0x00000000c1144800,0x00000000c4300000)
 Metaspace       used 46141K, committed 47104K, reserved 1114112K
  class space    used 4885K, committed 5248K, reserved 1048576K
GC Heap History (20 events):
Event: 31.160 GC heap before
{Heap before GC invocations=8 (full 1):
 PSYoungGen      total 26624K, used 26321K [0x00000000eab00000, 0x00000000eca80000, 0x0000000100000000)
  eden space 25088K, 99% used [0x00000000eab00000,0x00000000ec376980,0x00000000ec380000)
  from space 1536K, 82% used [0x00000000ec900000,0x00000000eca3dca8,0x00000000eca80000)
  to   space 2560K, 0% used [0x00000000ec580000,0x00000000ec580000,0x00000000ec800000)
 ParOldGen       total 68608K, used 10578K [0x00000000c0000000, 0x00000000c4300000, 0x00000000eab00000)
  object space 68608K, 15% used [0x00000000c0000000,0x00000000c0a54b88,0x00000000c4300000)
 Metaspace       used 27493K, committed 28288K, reserved 1114112K
  class space    used 2820K, committed 3136K, reserved 1048576K
}
Event: 31.163 GC heap after
{Heap after GC invocations=8 (full 1):
 PSYoungGen      total 27136K, used 2550K [0x00000000eab00000, 0x00000000ecb00000, 0x0000000100000000)
  eden space 24576K, 0% used [0x00000000eab00000,0x00000000eab00000,0x00000000ec300000)
  from space 2560K, 99% used [0x00000000ec580000,0x00000000ec7fdaa8,0x00000000ec800000)
  to   space 3072K, 0% used [0x00000000ec800000,0x00000000ec800000,0x00000000ecb00000)
 ParOldGen       total 68608K, used 11565K [0x00000000c0000000, 0x00000000c4300000, 0x00000000eab00000)
  object space 68608K, 16% used [0x00000000c0000000,0x00000000c0b4b688,0x00000000c4300000)
 Metaspace       used 27493K, committed 28288K, reserved 1114112K
  class space    used 2820K, committed 3136K, reserved 1048576K
}
Event: 31.427 GC heap before
{Heap before GC invocations=9 (full 1):
 PSYoungGen      total 27136K, used 27096K [0x00000000eab00000, 0x00000000ecb00000, 0x0000000100000000)
  eden space 24576K, 99% used [0x00000000eab00000,0x00000000ec2f8880,0x00000000ec300000)
  from space 2560K, 99% used [0x00000000ec580000,0x00000000ec7fdaa8,0x00000000ec800000)
  to   space 3072K, 0% used [0x00000000ec800000,0x00000000ec800000,0x00000000ecb00000)
 ParOldGen       total 68608K, used 11565K [0x00000000c0000000, 0x00000000c4300000, 0x00000000eab00000)
  object space 68608K, 16% used [0x00000000c0000000,0x00000000c0b4b688,0x00000000c4300000)
 Metaspace       used 29810K, committed 30528K, reserved 1114112K
  class space    used 3023K, committed 3328K, reserved 1048576K
}
Event: 31.429 GC heap after
{Heap after GC invocations=9 (full 1):
 PSYoungGen      total 27136K, used 2717K [0x00000000eab00000, 0x00000000ecb00000, 0x0000000100000000)
  eden space 24064K, 0% used [0x00000000eab00000,0x00000000eab00000,0x00000000ec280000)
  from space 3072K, 88% used [0x00000000ec800000,0x00000000ecaa76e8,0x00000000ecb00000)
  to   space 3072K, 0% used [0x00000000ec500000,0x00000000ec500000,0x00000000ec800000)
 ParOldGen       total 68608K, used 11573K [0x00000000c0000000, 0x00000000c4300000, 0x00000000eab00000)
  object space 68608K, 16% used [0x00000000c0000000,0x00000000c0b4d688,0x00000000c4300000)
 Metaspace       used 29810K, committed 30528K, reserved 1114112K
  class space    used 3023K, committed 3328K, reserved 1048576K
}
Event: 31.725 GC heap before
{Heap before GC invocations=10 (full 1):
 PSYoungGen      total 27136K, used 26781K [0x00000000eab00000, 0x00000000ecb00000, 0x0000000100000000)
  eden space 24064K, 100% used [0x00000000eab00000,0x00000000ec280000,0x00000000ec280000)
  from space 3072K, 88% used [0x00000000ec800000,0x00000000ecaa76e8,0x00000000ecb00000)
  to   space 3072K, 0% used [0x00000000ec500000,0x00000000ec500000,0x00000000ec800000)
 ParOldGen       total 68608K, used 11573K [0x00000000c0000000, 0x00000000c4300000, 0x00000000eab00000)
  object space 68608K, 16% used [0x00000000c0000000,0x00000000c0b4d688,0x00000000c4300000)
 Metaspace       used 33404K, committed 34112K, reserved 1114112K
  class space    used 3423K, committed 3712K, reserved 1048576K
}
Event: 31.729 GC heap after
{Heap after GC invocations=10 (full 1):
 PSYoungGen      total 26112K, used 2194K [0x00000000eab00000, 0x00000000ec880000, 0x0000000100000000)
  eden space 23552K, 0% used [0x00000000eab00000,0x00000000eab00000,0x00000000ec200000)
  from space 2560K, 85% used [0x00000000ec500000,0x00000000ec724908,0x00000000ec780000)
  to   space 1024K, 0% used [0x00000000ec780000,0x00000000ec780000,0x00000000ec880000)
 ParOldGen       total 68608K, used 12389K [0x00000000c0000000, 0x00000000c4300000, 0x00000000eab00000)
  object space 68608K, 18% used [0x00000000c0000000,0x00000000c0c19798,0x00000000c4300000)
 Metaspace       used 33404K, committed 34112K, reserved 1114112K
  class space    used 3423K, committed 3712K, reserved 1048576K
}
Event: 31.902 GC heap before
{Heap before GC invocations=11 (full 1):
 PSYoungGen      total 26112K, used 25746K [0x00000000eab00000, 0x00000000ec880000, 0x0000000100000000)
  eden space 23552K, 100% used [0x00000000eab00000,0x00000000ec200000,0x00000000ec200000)
  from space 2560K, 85% used [0x00000000ec500000,0x00000000ec724908,0x00000000ec780000)
  to   space 1024K, 0% used [0x00000000ec780000,0x00000000ec780000,0x00000000ec880000)
 ParOldGen       total 68608K, used 12389K [0x00000000c0000000, 0x00000000c4300000, 0x00000000eab00000)
  object space 68608K, 18% used [0x00000000c0000000,0x00000000c0c19798,0x00000000c4300000)
 Metaspace       used 35009K, committed 35712K, reserved 1114112K
  class space    used 3524K, committed 3776K, reserved 1048576K
}
Event: 31.909 GC heap after
{Heap after GC invocations=11 (full 1):
 PSYoungGen      total 24064K, used 997K [0x00000000eab00000, 0x00000000ecb80000, 0x0000000100000000)
  eden space 23040K, 0% used [0x00000000eab00000,0x00000000eab00000,0x00000000ec180000)
  from space 1024K, 97% used [0x00000000ec780000,0x00000000ec8797d8,0x00000000ec880000)
  to   space 5120K, 0% used [0x00000000ec180000,0x00000000ec180000,0x00000000ec680000)
 ParOldGen       total 68608K, used 15674K [0x00000000c0000000, 0x00000000c4300000, 0x00000000eab00000)
  object space 68608K, 22% used [0x00000000c0000000,0x00000000c0f4e880,0x00000000c4300000)
 Metaspace       used 35009K, committed 35712K, reserved 1114112K
  class space    used 3524K, committed 3776K, reserved 1048576K
}
Event: 31.981 GC heap before
{Heap before GC invocations=12 (full 1):
 PSYoungGen      total 24064K, used 6070K [0x00000000eab00000, 0x00000000ecb80000, 0x0000000100000000)
  eden space 23040K, 22% used [0x00000000eab00000,0x00000000eaff41d8,0x00000000ec180000)
  from space 1024K, 97% used [0x00000000ec780000,0x00000000ec8797d8,0x00000000ec880000)
  to   space 5120K, 0% used [0x00000000ec180000,0x00000000ec180000,0x00000000ec680000)
 ParOldGen       total 68608K, used 15674K [0x00000000c0000000, 0x00000000c4300000, 0x00000000eab00000)
  object space 68608K, 22% used [0x00000000c0000000,0x00000000c0f4e880,0x00000000c4300000)
 Metaspace       used 35156K, committed 35840K, reserved 1114112K
  class space    used 3544K, committed 3840K, reserved 1048576K
}
Event: 31.983 GC heap after
{Heap after GC invocations=12 (full 1):
 PSYoungGen      total 23552K, used 386K [0x00000000eab00000, 0x00000000ec800000, 0x0000000100000000)
  eden space 23040K, 0% used [0x00000000eab00000,0x00000000eab00000,0x00000000ec180000)
  from space 512K, 75% used [0x00000000ec180000,0x00000000ec1e0a00,0x00000000ec200000)
  to   space 2048K, 0% used [0x00000000ec600000,0x00000000ec600000,0x00000000ec800000)
 ParOldGen       total 68608K, used 16531K [0x00000000c0000000, 0x00000000c4300000, 0x00000000eab00000)
  object space 68608K, 24% used [0x00000000c0000000,0x00000000c1024d40,0x00000000c4300000)
 Metaspace       used 35156K, committed 35840K, reserved 1114112K
  class space    used 3544K, committed 3840K, reserved 1048576K
}
Event: 31.983 GC heap before
{Heap before GC invocations=13 (full 2):
 PSYoungGen      total 23552K, used 386K [0x00000000eab00000, 0x00000000ec800000, 0x0000000100000000)
  eden space 23040K, 0% used [0x00000000eab00000,0x00000000eab00000,0x00000000ec180000)
  from space 512K, 75% used [0x00000000ec180000,0x00000000ec1e0a00,0x00000000ec200000)
  to   space 2048K, 0% used [0x00000000ec600000,0x00000000ec600000,0x00000000ec800000)
 ParOldGen       total 68608K, used 16531K [0x00000000c0000000, 0x00000000c4300000, 0x00000000eab00000)
  object space 68608K, 24% used [0x00000000c0000000,0x00000000c1024d40,0x00000000c4300000)
 Metaspace       used 35156K, committed 35840K, reserved 1114112K
  class space    used 3544K, committed 3840K, reserved 1048576K
}
Event: 32.037 GC heap after
{Heap after GC invocations=13 (full 2):
 PSYoungGen      total 23552K, used 0K [0x00000000eab00000, 0x00000000ec800000, 0x0000000100000000)
  eden space 23040K, 0% used [0x00000000eab00000,0x00000000eab00000,0x00000000ec180000)
  from space 512K, 0% used [0x00000000ec180000,0x00000000ec180000,0x00000000ec200000)
  to   space 2048K, 0% used [0x00000000ec600000,0x00000000ec600000,0x00000000ec800000)
 ParOldGen       total 68608K, used 14726K [0x00000000c0000000, 0x00000000c4300000, 0x00000000eab00000)
  object space 68608K, 21% used [0x00000000c0000000,0x00000000c0e61850,0x00000000c4300000)
 Metaspace       used 35132K, committed 35840K, reserved 1114112K
  class space    used 3538K, committed 3840K, reserved 1048576K
}
Event: 32.625 GC heap before
{Heap before GC invocations=14 (full 2):
 PSYoungGen      total 23552K, used 23040K [0x00000000eab00000, 0x00000000ec800000, 0x0000000100000000)
  eden space 23040K, 100% used [0x00000000eab00000,0x00000000ec180000,0x00000000ec180000)
  from space 512K, 0% used [0x00000000ec180000,0x00000000ec180000,0x00000000ec200000)
  to   space 2048K, 0% used [0x00000000ec600000,0x00000000ec600000,0x00000000ec800000)
 ParOldGen       total 68608K, used 14726K [0x00000000c0000000, 0x00000000c4300000, 0x00000000eab00000)
  object space 68608K, 21% used [0x00000000c0000000,0x00000000c0e61850,0x00000000c4300000)
 Metaspace       used 36974K, committed 37696K, reserved 1114112K
  class space    used 3741K, committed 4032K, reserved 1048576K
}
Event: 32.627 GC heap after
{Heap after GC invocations=14 (full 2):
 PSYoungGen      total 23552K, used 1001K [0x00000000eab00000, 0x00000000ec700000, 0x0000000100000000)
  eden space 22528K, 0% used [0x00000000eab00000,0x00000000eab00000,0x00000000ec100000)
  from space 1024K, 97% used [0x00000000ec600000,0x00000000ec6fa500,0x00000000ec700000)
  to   space 1536K, 0% used [0x00000000ec400000,0x00000000ec400000,0x00000000ec580000)
 ParOldGen       total 68608K, used 14734K [0x00000000c0000000, 0x00000000c4300000, 0x00000000eab00000)
  object space 68608K, 21% used [0x00000000c0000000,0x00000000c0e63850,0x00000000c4300000)
 Metaspace       used 36974K, committed 37696K, reserved 1114112K
  class space    used 3741K, committed 4032K, reserved 1048576K
}
Event: 33.225 GC heap before
{Heap before GC invocations=15 (full 2):
 PSYoungGen      total 23552K, used 23529K [0x00000000eab00000, 0x00000000ec700000, 0x0000000100000000)
  eden space 22528K, 100% used [0x00000000eab00000,0x00000000ec100000,0x00000000ec100000)
  from space 1024K, 97% used [0x00000000ec600000,0x00000000ec6fa500,0x00000000ec700000)
  to   space 1536K, 0% used [0x00000000ec400000,0x00000000ec400000,0x00000000ec580000)
 ParOldGen       total 68608K, used 14734K [0x00000000c0000000, 0x00000000c4300000, 0x00000000eab00000)
  object space 68608K, 21% used [0x00000000c0000000,0x00000000c0e63850,0x00000000c4300000)
 Metaspace       used 40129K, committed 40896K, reserved 1114112K
  class space    used 4127K, committed 4416K, reserved 1048576K
}
Event: 33.227 GC heap after
{Heap after GC invocations=15 (full 2):
 PSYoungGen      total 23552K, used 1120K [0x00000000eab00000, 0x00000000ec680000, 0x0000000100000000)
  eden space 22016K, 0% used [0x00000000eab00000,0x00000000eab00000,0x00000000ec080000)
  from space 1536K, 72% used [0x00000000ec400000,0x00000000ec518000,0x00000000ec580000)
  to   space 1024K, 0% used [0x00000000ec580000,0x00000000ec580000,0x00000000ec680000)
 ParOldGen       total 68608K, used 15517K [0x00000000c0000000, 0x00000000c4300000, 0x00000000eab00000)
  object space 68608K, 22% used [0x00000000c0000000,0x00000000c0f27628,0x00000000c4300000)
 Metaspace       used 40129K, committed 40896K, reserved 1114112K
  class space    used 4127K, committed 4416K, reserved 1048576K
}
Event: 33.813 GC heap before
{Heap before GC invocations=16 (full 2):
 PSYoungGen      total 23552K, used 23136K [0x00000000eab00000, 0x00000000ec680000, 0x0000000100000000)
  eden space 22016K, 100% used [0x00000000eab00000,0x00000000ec080000,0x00000000ec080000)
  from space 1536K, 72% used [0x00000000ec400000,0x00000000ec518000,0x00000000ec580000)
  to   space 1024K, 0% used [0x00000000ec580000,0x00000000ec580000,0x00000000ec680000)
 ParOldGen       total 68608K, used 15517K [0x00000000c0000000, 0x00000000c4300000, 0x00000000eab00000)
  object space 68608K, 22% used [0x00000000c0000000,0x00000000c0f27628,0x00000000c4300000)
 Metaspace       used 42977K, committed 43904K, reserved 1114112K
  class space    used 4464K, committed 4864K, reserved 1048576K
}
Event: 33.824 GC heap after
{Heap after GC invocations=16 (full 2):
 PSYoungGen      total 23040K, used 1020K [0x00000000eab00000, 0x00000000ec680000, 0x0000000100000000)
  eden space 22016K, 0% used [0x00000000eab00000,0x00000000eab00000,0x00000000ec080000)
  from space 1024K, 99% used [0x00000000ec580000,0x00000000ec67f1d0,0x00000000ec680000)
  to   space 3072K, 0% used [0x00000000ec080000,0x00000000ec080000,0x00000000ec380000)
 ParOldGen       total 68608K, used 16925K [0x00000000c0000000, 0x00000000c4300000, 0x00000000eab00000)
  object space 68608K, 24% used [0x00000000c0000000,0x00000000c1087408,0x00000000c4300000)
 Metaspace       used 42977K, committed 43904K, reserved 1114112K
  class space    used 4464K, committed 4864K, reserved 1048576K
}
Event: 34.601 GC heap before
{Heap before GC invocations=17 (full 2):
 PSYoungGen      total 23040K, used 23036K [0x00000000eab00000, 0x00000000ec680000, 0x0000000100000000)
  eden space 22016K, 100% used [0x00000000eab00000,0x00000000ec080000,0x00000000ec080000)
  from space 1024K, 99% used [0x00000000ec580000,0x00000000ec67f1d0,0x00000000ec680000)
  to   space 3072K, 0% used [0x00000000ec080000,0x00000000ec080000,0x00000000ec380000)
 ParOldGen       total 68608K, used 16925K [0x00000000c0000000, 0x00000000c4300000, 0x00000000eab00000)
  object space 68608K, 24% used [0x00000000c0000000,0x00000000c1087408,0x00000000c4300000)
 Metaspace       used 45402K, committed 46400K, reserved 1114112K
  class space    used 4770K, committed 5184K, reserved 1048576K
}
Event: 34.610 GC heap after
{Heap after GC invocations=17 (full 2):
 PSYoungGen      total 25088K, used 1152K [0x00000000eab00000, 0x00000000ec600000, 0x0000000100000000)
  eden space 22016K, 0% used [0x00000000eab00000,0x00000000eab00000,0x00000000ec080000)
  from space 3072K, 37% used [0x00000000ec080000,0x00000000ec1a0000,0x00000000ec380000)
  to   space 2048K, 0% used [0x00000000ec400000,0x00000000ec400000,0x00000000ec600000)
 ParOldGen       total 68608K, used 17682K [0x00000000c0000000, 0x00000000c4300000, 0x00000000eab00000)
  object space 68608K, 25% used [0x00000000c0000000,0x00000000c1144800,0x00000000c4300000)
 Metaspace       used 45402K, committed 46400K, reserved 1114112K
  class space    used 4770K, committed 5184K, reserved 1048576K
}

